# JRE version: OpenJDK Runtime Environment (16.0.1+9) (build 16.0.1+9-24)
# Java VM: OpenJDK 64-Bit Server VM (16.0.1+9-24, mixed mode, tiered, compressed oops, compressed class ptrs, g1 gc, windows-amd64)
GC Precious Log:
 CPUs: 4 total, 4 available
 Memory: 3991M
 Large Page Support: Disabled
 NUMA Support: Disabled
 Compressed Oops: Enabled (32-bit)
 Heap Region Size: 1M
 Heap Min Capacity: 8M
 Heap Initial Capacity: 64M
 Heap Max Capacity: 998M
 Pre-touch: Disabled
 Parallel Workers: 4
 Concurrent Workers: 1
 Concurrent Refinement Workers: 4
 Periodic GC: Disabled
Heap:
 garbage-first heap   total 35840K, used 20140K [0x00000000c1a00000, 0x0000000100000000)
  region size 1024K, 5 young (5120K), 2 survivors (2048K)
 Metaspace       used 53323K, committed 53696K, reserved 1097728K
  class space    used 5917K, committed 6080K, reserved 1048576K
GC Heap History (20 events):
Event: 97.597 GC heap before
{Heap before GC invocations=20 (full 0):
 garbage-first heap   total 34816K, used 19210K [0x00000000c1a00000, 0x0000000100000000)
  region size 1024K, 2 young (2048K), 1 survivors (1024K)
 Metaspace       used 51848K, committed 52160K, reserved 1097728K
  class space    used 5857K, committed 6016K, reserved 1048576K
}
Event: 97.615 GC heap after
{Heap after GC invocations=21 (full 0):
 garbage-first heap   total 34816K, used 17383K [0x00000000c1a00000, 0x0000000100000000)
  region size 1024K, 1 young (1024K), 1 survivors (1024K)
 Metaspace       used 51848K, committed 52160K, reserved 1097728K
  class space    used 5857K, committed 6016K, reserved 1048576K
}
Event: 134.141 GC heap before
{Heap before GC invocations=21 (full 0):
 garbage-first heap   total 34816K, used 21479K [0x00000000c1a00000, 0x0000000100000000)
  region size 1024K, 6 young (6144K), 1 survivors (1024K)
 Metaspace       used 52133K, committed 52544K, reserved 1097728K
  class space    used 5887K, committed 6080K, reserved 1048576K
}
Event: 134.208 GC heap after
{Heap after GC invocations=22 (full 1):
 garbage-first heap   total 34816K, used 15410K [0x00000000c1a00000, 0x0000000100000000)
  region size 1024K, 0 young (0K), 0 survivors (0K)
 Metaspace       used 52133K, committed 52544K, reserved 1097728K
  class space    used 5887K, committed 6080K, reserved 1048576K
}
Event: 134.533 GC heap before
{Heap before GC invocations=22 (full 1):
 garbage-first heap   total 34816K, used 25650K [0x00000000c1a00000, 0x0000000100000000)
  region size 1024K, 11 young (11264K), 0 survivors (0K)
 Metaspace       used 52301K, committed 52672K, reserved 1097728K
  class space    used 5891K, committed 6080K, reserved 1048576K
}
Event: 134.536 GC heap after
{Heap after GC invocations=23 (full 1):
 garbage-first heap   total 34816K, used 16814K [0x00000000c1a00000, 0x0000000100000000)
  region size 1024K, 2 young (2048K), 2 survivors (2048K)
 Metaspace       used 52301K, committed 52672K, reserved 1097728K
  class space    used 5891K, committed 6080K, reserved 1048576K
}
Event: 134.828 GC heap before
{Heap before GC invocations=24 (full 1):
 garbage-first heap   total 34816K, used 25006K [0x00000000c1a00000, 0x0000000100000000)
  region size 1024K, 11 young (11264K), 2 survivors (2048K)
 Metaspace       used 52415K, committed 52800K, reserved 1097728K
  class space    used 5894K, committed 6080K, reserved 1048576K
}
Event: 134.833 GC heap after
{Heap after GC invocations=25 (full 1):
 garbage-first heap   total 34816K, used 17282K [0x00000000c1a00000, 0x0000000100000000)
  region size 1024K, 1 young (1024K), 1 survivors (1024K)
 Metaspace       used 52415K, committed 52800K, reserved 1097728K
  class space    used 5894K, committed 6080K, reserved 1048576K
}
Event: 135.174 GC heap before
{Heap before GC invocations=25 (full 1):
 garbage-first heap   total 34816K, used 26498K [0x00000000c1a00000, 0x0000000100000000)
  region size 1024K, 10 young (10240K), 1 survivors (1024K)
 Metaspace       used 52640K, committed 53056K, reserved 1097728K
  class space    used 5896K, committed 6080K, reserved 1048576K
}
Event: 135.178 GC heap after
{Heap after GC invocations=26 (full 1):
 garbage-first heap   total 34816K, used 17857K [0x00000000c1a00000, 0x0000000100000000)
  region size 1024K, 2 young (2048K), 2 survivors (2048K)
 Metaspace       used 52640K, committed 53056K, reserved 1097728K
  class space    used 5896K, committed 6080K, reserved 1048576K
}
Event: 187.868 GC heap before
{Heap before GC invocations=27 (full 1):
 garbage-first heap   total 35840K, used 26049K [0x00000000c1a00000, 0x0000000100000000)
  region size 1024K, 10 young (10240K), 2 survivors (2048K)
 Metaspace       used 52888K, committed 53312K, reserved 1097728K
  class space    used 5909K, committed 6080K, reserved 1048576K
}
Event: 187.876 GC heap after
{Heap after GC invocations=28 (full 1):
 garbage-first heap   total 35840K, used 18050K [0x00000000c1a00000, 0x0000000100000000)
  region size 1024K, 2 young (2048K), 2 survivors (2048K)
 Metaspace       used 52888K, committed 53312K, reserved 1097728K
  class space    used 5909K, committed 6080K, reserved 1048576K
}
Event: 187.897 GC heap before
{Heap before GC invocations=28 (full 1):
 garbage-first heap   total 35840K, used 18050K [0x00000000c1a00000, 0x0000000100000000)
  region size 1024K, 3 young (3072K), 2 survivors (2048K)
 Metaspace       used 52888K, committed 53312K, reserved 1097728K
  class space    used 5909K, committed 6080K, reserved 1048576K
}
Event: 187.966 GC heap after
{Heap after GC invocations=29 (full 2):
 garbage-first heap   total 35840K, used 15549K [0x00000000c1a00000, 0x0000000100000000)
  region size 1024K, 0 young (0K), 0 survivors (0K)
 Metaspace       used 52885K, committed 53312K, reserved 1097728K
  class space    used 5909K, committed 6080K, reserved 1048576K
}
Event: 188.377 GC heap before
{Heap before GC invocations=29 (full 2):
 garbage-first heap   total 35840K, used 26813K [0x00000000c1a00000, 0x0000000100000000)
  region size 1024K, 12 young (12288K), 0 survivors (0K)
 Metaspace       used 52971K, committed 53376K, reserved 1097728K
  class space    used 5912K, committed 6080K, reserved 1048576K
}
Event: 188.380 GC heap after
{Heap after GC invocations=30 (full 2):
 garbage-first heap   total 35840K, used 17059K [0x00000000c1a00000, 0x0000000100000000)
  region size 1024K, 2 young (2048K), 2 survivors (2048K)
 Metaspace       used 52971K, committed 53376K, reserved 1097728K
  class space    used 5912K, committed 6080K, reserved 1048576K
}
Event: 188.612 GC heap before
{Heap before GC invocations=31 (full 2):
 garbage-first heap   total 35840K, used 26275K [0x00000000c1a00000, 0x0000000100000000)
  region size 1024K, 12 young (12288K), 2 survivors (2048K)
 Metaspace       used 53058K, committed 53440K, reserved 1097728K
  class space    used 5914K, committed 6080K, reserved 1048576K
}
Event: 188.617 GC heap after
{Heap after GC invocations=32 (full 2):
 garbage-first heap   total 35840K, used 17443K [0x00000000c1a00000, 0x0000000100000000)
  region size 1024K, 1 young (1024K), 1 survivors (1024K)
 Metaspace       used 53058K, committed 53440K, reserved 1097728K
  class space    used 5914K, committed 6080K, reserved 1048576K
}
Event: 188.911 GC heap before
{Heap before GC invocations=32 (full 2):
 garbage-first heap   total 35840K, used 27683K [0x00000000c1a00000, 0x0000000100000000)
  region size 1024K, 11 young (11264K), 1 survivors (1024K)
 Metaspace       used 53287K, committed 53632K, reserved 1097728K
  class space    used 5917K, committed 6080K, reserved 1048576K
}
Event: 188.917 GC heap after
{Heap after GC invocations=33 (full 2):
 garbage-first heap   total 35840K, used 18092K [0x00000000c1a00000, 0x0000000100000000)
  region size 1024K, 2 young (2048K), 2 survivors (2048K)
 Metaspace       used 53287K, committed 53632K, reserved 1097728K
  class space    used 5917K, committed 6080K, reserved 1048576K
}

